<?xml version="1.0" encoding="UTF-8"?>
<!-- Generated by org.testng.reporters.JUnitReportReporter -->
<testsuite hostname="DESKTOP-D8C776U" failures="0" tests="1" name="tests.NewTest" time="7.404" errors="0" timestamp="2024-06-21T11:40:06 IST" skipped="0">
  <testcase classname="tests.NewTest" name="f" time="7.404"/>
</testsuite> <!-- tests.NewTest -->
